C:\Program Files\Microsoft Visual Studio\2022\Community\MSBuild\Microsoft\VC\v170\Microsoft.CppBuild.targets(517,5): warning MSB8004: Output Directory does not end with a trailing slash.  This build instance will add the slash as it is required to allow proper evaluation of the Output Directory.
  TopDownCapy.cpp
D:\KULIAH\SEMESTER\SEMESTER 7\Pemrograman Gim\0. PROJECT AKHIR (CAPY & CROCO)\vs\Project\TopDownCapy.cpp(70,42): warning C4244: 'argument': conversion from 'int' to 'float', possible loss of data
D:\KULIAH\SEMESTER\SEMESTER 7\Pemrograman Gim\0. PROJECT AKHIR (CAPY & CROCO)\vs\Project\TopDownCapy.cpp(70,29): warning C4244: 'argument': conversion from 'int' to 'float', possible loss of data
D:\KULIAH\SEMESTER\SEMESTER 7\Pemrograman Gim\0. PROJECT AKHIR (CAPY & CROCO)\vs\Project\TopDownCapy.cpp(87,33): warning C4244: 'argument': conversion from 'int' to 'float', possible loss of data
D:\KULIAH\SEMESTER\SEMESTER 7\Pemrograman Gim\0. PROJECT AKHIR (CAPY & CROCO)\vs\Project\TopDownCapy.cpp(87,26): warning C4244: 'argument': conversion from 'int' to 'float', possible loss of data
D:\KULIAH\SEMESTER\SEMESTER 7\Pemrograman Gim\0. PROJECT AKHIR (CAPY & CROCO)\vs\Project\TopDownCapy.cpp(306,75): warning C4244: 'argument': conversion from 'int' to 'float', possible loss of data
D:\KULIAH\SEMESTER\SEMESTER 7\Pemrograman Gim\0. PROJECT AKHIR (CAPY & CROCO)\vs\Project\TopDownCapy.cpp(306,44): warning C4244: 'argument': conversion from 'int' to 'float', possible loss of data
D:\KULIAH\SEMESTER\SEMESTER 7\Pemrograman Gim\0. PROJECT AKHIR (CAPY & CROCO)\vs\Project\TopDownCapy.cpp(331,42): warning C4244: 'argument': conversion from 'int' to 'float', possible loss of data
SOIL.lib(SOIL.obj) : warning LNK4075: ignoring '/EDITANDCONTINUE' due to '/OPT:ICF' specification
LINK : warning LNK4098: defaultlib 'MSVCRTD' conflicts with use of other libs; use /NODEFAULTLIB:library
  Generating code
  3 of 1202 functions ( 0.2%) were compiled, the rest were copied from previous compilation.
    0 functions were new in current compilation
    2 functions had inline decision re-evaluated but remain unchanged
  Finished generating code
SOIL.lib(image_DXT.obj) : warning LNK4099: PDB '' was not found with 'SOIL.lib(image_DXT.obj)' or at ''; linking object as if no debug info
SOIL.lib(image_helper.obj) : warning LNK4099: PDB '' was not found with 'SOIL.lib(image_helper.obj)' or at ''; linking object as if no debug info
SOIL.lib(SOIL.obj) : warning LNK4099: PDB '' was not found with 'SOIL.lib(SOIL.obj)' or at ''; linking object as if no debug info
SOIL.lib(stb_image_aug.obj) : warning LNK4099: PDB '' was not found with 'SOIL.lib(stb_image_aug.obj)' or at ''; linking object as if no debug info
  Project.vcxproj -> D:\KULIAH\SEMESTER\SEMESTER 7\Pemrograman Gim\0. PROJECT AKHIR (CAPY & CROCO)\vs\Project\Project.exe
